{"D:\\_ReactU\\ReactU\\02-first-steps\\src\\FirstStepsApp.tsx": {"path":"D:\\_ReactU\\ReactU\\02-first-steps\\src\\FirstStepsApp.tsx","statementMap":{"0":{"start":{"line":8,"column":34},"end":{"line":12,"column":null}},"1":{"start":{"line":14,"column":2},"end":{"line":18,"column":36}},"2":{"start":{"line":17,"column":49},"end":{"line":18,"column":36}}},"fnMap":{"0":{"name":"FirstStepsApp","decl":{"start":{"line":13,"column":16},"end":{"line":13,"column":null}},"loc":{"start":{"line":13,"column":16},"end":{"line":25,"column":null}},"line":13},"1":{"name":"(anonymous_1)","decl":{"start":{"line":17,"column":23},"end":{"line":17,"column":24}},"loc":{"start":{"line":17,"column":49},"end":{"line":18,"column":36}},"line":17}},"branchMap":{},"s":{"0":1,"1":3,"2":9},"f":{"0":3,"1":9},"b":{},"meta":{"lastBranch":0,"lastFunction":2,"lastStatement":3,"seen":{"s:8:34:12:Infinity":0,"f:13:16:13:Infinity":0,"s:14:2:18:36":1,"f:17:23:17:24":1,"s:17:49:18:36":2}}}
,"D:\\_ReactU\\ReactU\\02-first-steps\\src\\MyAwesomeApp.tsx": {"path":"D:\\_ReactU\\ReactU\\02-first-steps\\src\\MyAwesomeApp.tsx","statementMap":{"0":{"start":{"line":3,"column":18},"end":{"line":3,"column":null}},"1":{"start":{"line":4,"column":17},"end":{"line":4,"column":null}},"2":{"start":{"line":6,"column":22},"end":{"line":6,"column":null}},"3":{"start":{"line":9,"column":16},"end":{"line":12,"column":null}},"4":{"start":{"line":14,"column":32},"end":{"line":19,"column":null}},"5":{"start":{"line":21,"column":28},"end":{"line":34,"column":2}},"6":{"start":{"line":22,"column":2},"end":{"line":31,"column":null}}},"fnMap":{"0":{"name":"(anonymous_0)","decl":{"start":{"line":21,"column":28},"end":{"line":21,"column":null}},"loc":{"start":{"line":21,"column":28},"end":{"line":34,"column":2}},"line":21}},"branchMap":{},"s":{"0":1,"1":1,"2":1,"3":1,"4":1,"5":1,"6":5},"f":{"0":5},"b":{},"meta":{"lastBranch":0,"lastFunction":1,"lastStatement":7,"seen":{"s:3:18:3:Infinity":0,"s:4:17:4:Infinity":1,"s:6:22:6:Infinity":2,"s:9:16:12:Infinity":3,"s:14:32:19:Infinity":4,"s:21:28:34:2":5,"f:21:28:21:Infinity":0,"s:22:2:31:Infinity":6}}}
,"D:\\_ReactU\\ReactU\\02-first-steps\\src\\helpers\\math.helper.ts": {"path":"D:\\_ReactU\\ReactU\\02-first-steps\\src\\helpers\\math.helper.ts","statementMap":{"0":{"start":{"line":1,"column":19},"end":{"line":4,"column":null}},"1":{"start":{"line":3,"column":2},"end":{"line":3,"column":null}},"2":{"start":{"line":5,"column":24},"end":{"line":8,"column":null}},"3":{"start":{"line":7,"column":2},"end":{"line":7,"column":null}},"4":{"start":{"line":9,"column":24},"end":{"line":11,"column":null}},"5":{"start":{"line":10,"column":2},"end":{"line":10,"column":null}},"6":{"start":{"line":12,"column":22},"end":{"line":14,"column":null}},"7":{"start":{"line":13,"column":2},"end":{"line":13,"column":null}}},"fnMap":{"0":{"name":"(anonymous_0)","decl":{"start":{"line":1,"column":19},"end":{"line":1,"column":20}},"loc":{"start":{"line":1,"column":31},"end":{"line":4,"column":null}},"line":1},"1":{"name":"(anonymous_1)","decl":{"start":{"line":5,"column":24},"end":{"line":5,"column":25}},"loc":{"start":{"line":5,"column":36},"end":{"line":8,"column":null}},"line":5},"2":{"name":"(anonymous_2)","decl":{"start":{"line":9,"column":24},"end":{"line":9,"column":25}},"loc":{"start":{"line":9,"column":36},"end":{"line":11,"column":null}},"line":9},"3":{"name":"(anonymous_3)","decl":{"start":{"line":12,"column":22},"end":{"line":12,"column":23}},"loc":{"start":{"line":12,"column":34},"end":{"line":14,"column":null}},"line":12}},"branchMap":{},"s":{"0":1,"1":1,"2":1,"3":1,"4":1,"5":2,"6":1,"7":1},"f":{"0":1,"1":1,"2":2,"3":1},"b":{},"meta":{"lastBranch":0,"lastFunction":4,"lastStatement":8,"seen":{"s:1:19:4:Infinity":0,"f:1:19:1:20":0,"s:3:2:3:Infinity":1,"s:5:24:8:Infinity":2,"f:5:24:5:25":1,"s:7:2:7:Infinity":3,"s:9:24:11:Infinity":4,"f:9:24:9:25":2,"s:10:2:10:Infinity":5,"s:12:22:14:Infinity":6,"f:12:22:12:23":3,"s:13:2:13:Infinity":7}}}
,"D:\\_ReactU\\ReactU\\02-first-steps\\src\\shopping-cart\\ItemCounter.tsx": {"path":"D:\\_ReactU\\ReactU\\02-first-steps\\src\\shopping-cart\\ItemCounter.tsx","statementMap":{"0":{"start":{"line":11,"column":27},"end":{"line":49,"column":null}},"1":{"start":{"line":12,"column":25},"end":{"line":12,"column":null}},"2":{"start":{"line":14,"column":20},"end":{"line":16,"column":null}},"3":{"start":{"line":15,"column":4},"end":{"line":15,"column":null}},"4":{"start":{"line":18,"column":25},"end":{"line":22,"column":null}},"5":{"start":{"line":19,"column":4},"end":{"line":19,"column":null}},"6":{"start":{"line":19,"column":21},"end":{"line":19,"column":null}},"7":{"start":{"line":21,"column":4},"end":{"line":21,"column":null}},"8":{"start":{"line":24,"column":2},"end":{"line":46,"column":null}},"9":{"start":{"line":43,"column":8},"end":{"line":43,"column":null}}},"fnMap":{"0":{"name":"(anonymous_0)","decl":{"start":{"line":11,"column":27},"end":{"line":11,"column":28}},"loc":{"start":{"line":11,"column":57},"end":{"line":49,"column":null}},"line":11},"1":{"name":"(anonymous_1)","decl":{"start":{"line":14,"column":20},"end":{"line":14,"column":null}},"loc":{"start":{"line":14,"column":20},"end":{"line":16,"column":null}},"line":14},"2":{"name":"(anonymous_2)","decl":{"start":{"line":18,"column":25},"end":{"line":18,"column":null}},"loc":{"start":{"line":18,"column":25},"end":{"line":22,"column":null}},"line":18},"3":{"name":"(anonymous_3)","decl":{"start":{"line":42,"column":23},"end":{"line":42,"column":null}},"loc":{"start":{"line":42,"column":23},"end":{"line":44,"column":11}},"line":42}},"branchMap":{"0":{"loc":{"start":{"line":11,"column":36},"end":{"line":11,"column":48}},"type":"default-arg","locations":[{"start":{"line":11,"column":47},"end":{"line":11,"column":48}}],"line":11},"1":{"loc":{"start":{"line":19,"column":4},"end":{"line":19,"column":null}},"type":"if","locations":[{"start":{"line":19,"column":4},"end":{"line":19,"column":null}},{"start":{},"end":{}}],"line":19},"2":{"loc":{"start":{"line":37,"column":17},"end":{"line":37,"column":null}},"type":"cond-expr","locations":[{"start":{"line":37,"column":31},"end":{"line":37,"column":39}},{"start":{"line":37,"column":39},"end":{"line":37,"column":null}}],"line":37}},"s":{"0":1,"1":11,"2":11,"3":1,"4":11,"5":3,"6":1,"7":2,"8":11,"9":1},"f":{"0":11,"1":1,"2":3,"3":1},"b":{"0":[11],"1":[1,2],"2":[5,6]},"meta":{"lastBranch":3,"lastFunction":4,"lastStatement":10,"seen":{"s:11:27:49:Infinity":0,"f:11:27:11:28":0,"b:11:47:11:48":0,"s:12:25:12:Infinity":1,"s:14:20:16:Infinity":2,"f:14:20:14:Infinity":1,"s:15:4:15:Infinity":3,"s:18:25:22:Infinity":4,"f:18:25:18:Infinity":2,"b:19:4:19:Infinity:undefined:undefined:undefined:undefined":1,"s:19:4:19:Infinity":5,"s:19:21:19:Infinity":6,"s:21:4:21:Infinity":7,"s:24:2:46:Infinity":8,"b:37:31:37:39:37:39:37:Infinity":2,"f:42:23:42:Infinity":3,"s:43:8:43:Infinity":9}}}
,"D:\\_ReactU\\ReactU\\02-first-steps\\src\\shopping-cart\\itemCounter.module.css": {"path":"D:\\_ReactU\\ReactU\\02-first-steps\\src\\shopping-cart\\itemCounter.module.css","statementMap":{},"fnMap":{},"branchMap":{},"s":{},"f":{},"b":{},"meta":{"lastBranch":0,"lastFunction":0,"lastStatement":0,"seen":{}}}
}
