<?xml version="1.0" encoding="UTF-8"?>
<coverage generated="1761438727454" clover="3.2.0">
  <project timestamp="1761438727454" name="All files">
    <metrics statements="35" coveredstatements="35" conditionals="20" coveredconditionals="20" methods="17" coveredmethods="17" elements="72" coveredelements="72" complexity="0" loc="35" ncloc="35" packages="3" files="5" classes="5"/>
    <package name="src">
      <metrics statements="18" coveredstatements="18" conditionals="14" coveredconditionals="14" methods="8" coveredmethods="8"/>
      <file name="MultiStepForm.tsx" path="D:\Claudio\_ReactU\ReactU\00-formulario\src\MultiStepForm.tsx">
        <metrics statements="18" coveredstatements="18" conditionals="14" coveredconditionals="14" methods="8" coveredmethods="8"/>
        <line num="1" count="1" type="stmt"/>
        <line num="2" count="1" type="stmt"/>
        <line num="3" count="1" type="stmt"/>
        <line num="4" count="1" type="stmt"/>
        <line num="5" count="1" type="stmt"/>
        <line num="15" count="1" type="stmt"/>
        <line num="23" count="1" type="stmt"/>
        <line num="24" count="79" type="stmt"/>
        <line num="25" count="79" type="stmt"/>
        <line num="27" count="79" type="stmt"/>
        <line num="28" count="79" type="stmt"/>
        <line num="30" count="79" type="stmt"/>
        <line num="31" count="57" type="stmt"/>
        <line num="33" count="79" type="stmt"/>
        <line num="36" count="2" type="stmt"/>
        <line num="37" count="2" type="stmt"/>
        <line num="40" count="79" type="stmt"/>
        <line num="74" count="1" type="stmt"/>
      </file>
    </package>
    <package name="src.mocks">
      <metrics statements="1" coveredstatements="1" conditionals="0" coveredconditionals="0" methods="0" coveredmethods="0"/>
      <file name="userTypes.ts" path="D:\Claudio\_ReactU\ReactU\00-formulario\src\mocks\userTypes.ts">
        <metrics statements="1" coveredstatements="1" conditionals="0" coveredconditionals="0" methods="0" coveredmethods="0"/>
        <line num="6" count="2" type="stmt"/>
      </file>
    </package>
    <package name="src.steps">
      <metrics statements="16" coveredstatements="16" conditionals="6" coveredconditionals="6" methods="9" coveredmethods="9"/>
      <file name="Step1.tsx" path="D:\Claudio\_ReactU\ReactU\00-formulario\src\steps\Step1.tsx">
        <metrics statements="7" coveredstatements="7" conditionals="2" coveredconditionals="2" methods="4" coveredmethods="4"/>
        <line num="3" count="2" type="stmt"/>
        <line num="10" count="2" type="stmt"/>
        <line num="11" count="38" type="stmt"/>
        <line num="17" count="2" type="stmt"/>
        <line num="20" count="190" type="stmt"/>
        <line num="31" count="26" type="stmt"/>
        <line num="38" count="2" type="stmt"/>
      </file>
      <file name="Step2.tsx" path="D:\Claudio\_ReactU\ReactU\00-formulario\src\steps\Step2.tsx">
        <metrics statements="5" coveredstatements="5" conditionals="4" coveredconditionals="4" methods="3" coveredmethods="3"/>
        <line num="9" count="2" type="stmt"/>
        <line num="10" count="48" type="stmt"/>
        <line num="17" count="46" type="stmt"/>
        <line num="26" count="8" type="cond" truecount="2" falsecount="0"/>
        <line num="34" count="2" type="stmt"/>
      </file>
      <file name="Step3.tsx" path="D:\Claudio\_ReactU\ReactU\00-formulario\src\steps\Step3.tsx">
        <metrics statements="4" coveredstatements="4" conditionals="0" coveredconditionals="0" methods="2" coveredmethods="2"/>
        <line num="9" count="2" type="stmt"/>
        <line num="10" count="14" type="stmt"/>
        <line num="17" count="4" type="stmt"/>
        <line num="28" count="2" type="stmt"/>
      </file>
    </package>
  </project>
</coverage>
