{"D:\\Claudio\\_ReactU\\ReactU\\00-formulario\\src\\MultiStepForm.tsx": {"path":"D:\\Claudio\\_ReactU\\ReactU\\00-formulario\\src\\MultiStepForm.tsx","statementMap":{"0":{"start":{"line":1,"column":0},"end":{"line":1,"column":40}},"1":{"start":{"line":2,"column":0},"end":{"line":2,"column":34}},"2":{"start":{"line":3,"column":0},"end":{"line":3,"column":34}},"3":{"start":{"line":4,"column":0},"end":{"line":4,"column":34}},"4":{"start":{"line":5,"column":0},"end":{"line":5,"column":21}},"5":{"start":{"line":15,"column":30},"end":{"line":21,"column":2}},"6":{"start":{"line":23,"column":39},"end":{"line":72,"column":1}},"7":{"start":{"line":24,"column":26},"end":{"line":24,"column":37}},"8":{"start":{"line":25,"column":26},"end":{"line":25,"column":57}},"9":{"start":{"line":27,"column":15},"end":{"line":27,"column":55}},"10":{"start":{"line":27,"column":21},"end":{"line":27,"column":55}},"11":{"start":{"line":27,"column":36},"end":{"line":27,"column":54}},"12":{"start":{"line":28,"column":15},"end":{"line":28,"column":55}},"13":{"start":{"line":28,"column":21},"end":{"line":28,"column":55}},"14":{"start":{"line":28,"column":36},"end":{"line":28,"column":54}},"15":{"start":{"line":30,"column":17},"end":{"line":31,"column":40}},"16":{"start":{"line":31,"column":4},"end":{"line":31,"column":40}},"17":{"start":{"line":31,"column":20},"end":{"line":31,"column":38}},"18":{"start":{"line":33,"column":23},"end":{"line":38,"column":3}},"19":{"start":{"line":36,"column":4},"end":{"line":36,"column":36}},"20":{"start":{"line":37,"column":4},"end":{"line":37,"column":52}},"21":{"start":{"line":40,"column":2},"end":{"line":71,"column":4}},"22":{"start":{"line":23,"column":13},"end":{"line":23,"column":39}},"23":{"start":{"line":74,"column":0},"end":{"line":74,"column":29}}},"fnMap":{"0":{"name":"(anonymous_1)","decl":{"start":{"line":23,"column":39},"end":{"line":23,"column":42}},"loc":{"start":{"line":23,"column":44},"end":{"line":72,"column":1}}},"1":{"name":"(anonymous_2)","decl":{"start":{"line":27,"column":15},"end":{"line":27,"column":18}},"loc":{"start":{"line":27,"column":21},"end":{"line":27,"column":55}}},"2":{"name":"(anonymous_3)","decl":{"start":{"line":27,"column":29},"end":{"line":27,"column":30}},"loc":{"start":{"line":27,"column":36},"end":{"line":27,"column":54}}},"3":{"name":"(anonymous_4)","decl":{"start":{"line":28,"column":15},"end":{"line":28,"column":18}},"loc":{"start":{"line":28,"column":21},"end":{"line":28,"column":55}}},"4":{"name":"(anonymous_5)","decl":{"start":{"line":28,"column":29},"end":{"line":28,"column":30}},"loc":{"start":{"line":28,"column":36},"end":{"line":28,"column":54}}},"5":{"name":"(anonymous_6)","decl":{"start":{"line":30,"column":17},"end":{"line":30,"column":18}},"loc":{"start":{"line":31,"column":4},"end":{"line":31,"column":40}}},"6":{"name":"(anonymous_7)","decl":{"start":{"line":31,"column":12},"end":{"line":31,"column":13}},"loc":{"start":{"line":31,"column":20},"end":{"line":31,"column":38}}},"7":{"name":"(anonymous_8)","decl":{"start":{"line":33,"column":23},"end":{"line":33,"column":26}},"loc":{"start":{"line":33,"column":28},"end":{"line":38,"column":3}}}},"branchMap":{"0":{"loc":{"start":{"line":46,"column":38},"end":{"line":46,"column":64}},"type":"cond-expr","locations":[{"start":{"line":46,"column":51},"end":{"line":46,"column":59}},{"start":{"line":46,"column":62},"end":{"line":46,"column":64}}]},"1":{"loc":{"start":{"line":47,"column":38},"end":{"line":47,"column":64}},"type":"cond-expr","locations":[{"start":{"line":47,"column":51},"end":{"line":47,"column":59}},{"start":{"line":47,"column":62},"end":{"line":47,"column":64}}]},"2":{"loc":{"start":{"line":48,"column":38},"end":{"line":48,"column":64}},"type":"cond-expr","locations":[{"start":{"line":48,"column":51},"end":{"line":48,"column":59}},{"start":{"line":48,"column":62},"end":{"line":48,"column":64}}]},"3":{"loc":{"start":{"line":51,"column":9},"end":{"line":51,"column":62}},"type":"binary-expr","locations":[{"start":{"line":51,"column":9},"end":{"line":51,"column":19}},{"start":{"line":51,"column":23},"end":{"line":51,"column":62}}]},"4":{"loc":{"start":{"line":52,"column":9},"end":{"line":52,"column":62}},"type":"binary-expr","locations":[{"start":{"line":52,"column":9},"end":{"line":52,"column":19}},{"start":{"line":52,"column":23},"end":{"line":52,"column":62}}]},"5":{"loc":{"start":{"line":53,"column":9},"end":{"line":53,"column":62}},"type":"binary-expr","locations":[{"start":{"line":53,"column":9},"end":{"line":53,"column":19}},{"start":{"line":53,"column":23},"end":{"line":53,"column":62}}]},"6":{"loc":{"start":{"line":59,"column":11},"end":{"line":66,"column":null}},"type":"cond-expr","locations":[{"start":{"line":60,"column":12},"end":{"line":60,"column":null}},{"start":{"line":64,"column":12},"end":{"line":64,"column":null}}]}},"s":{"0":1,"1":1,"2":1,"3":1,"4":1,"5":1,"6":1,"7":79,"8":79,"9":79,"10":12,"11":12,"12":79,"13":3,"14":3,"15":79,"16":57,"17":57,"18":79,"19":2,"20":2,"21":79,"22":1,"23":1},"f":{"0":79,"1":12,"2":12,"3":3,"4":3,"5":57,"6":57,"7":2},"b":{"0":[32,47],"1":[40,39],"2":[7,72],"3":[79,32],"4":[79,40],"5":[79,7],"6":[72,7]}}
,"D:\\Claudio\\_ReactU\\ReactU\\00-formulario\\src\\mocks\\userTypes.ts": {"path":"D:\\Claudio\\_ReactU\\ReactU\\00-formulario\\src\\mocks\\userTypes.ts","statementMap":{"0":{"start":{"line":6,"column":13},"end":{"line":12,"column":2}}},"fnMap":{},"branchMap":{},"s":{"0":2},"f":{},"b":{}}
,"D:\\Claudio\\_ReactU\\ReactU\\00-formulario\\src\\steps\\Step1.tsx": {"path":"D:\\Claudio\\_ReactU\\ReactU\\00-formulario\\src\\steps\\Step1.tsx","statementMap":{"0":{"start":{"line":3,"column":0},"end":{"line":3,"column":47}},"1":{"start":{"line":10,"column":31},"end":{"line":36,"column":1}},"2":{"start":{"line":11,"column":2},"end":{"line":35,"column":4}},"3":{"start":{"line":17,"column":27},"end":{"line":17,"column":65}},"4":{"start":{"line":20,"column":12},"end":{"line":20,"column":35}},"5":{"start":{"line":31,"column":27},"end":{"line":31,"column":61}},"6":{"start":{"line":38,"column":0},"end":{"line":38,"column":21}}},"fnMap":{"0":{"name":"(anonymous_0)","decl":{"start":{"line":10,"column":31},"end":{"line":10,"column":32}},"loc":{"start":{"line":10,"column":54},"end":{"line":36,"column":1}}},"1":{"name":"(anonymous_1)","decl":{"start":{"line":17,"column":20},"end":{"line":17,"column":21}},"loc":{"start":{"line":17,"column":27},"end":{"line":17,"column":65}}},"2":{"name":"(anonymous_2)","decl":{"start":{"line":19,"column":25},"end":{"line":19,"column":26}},"loc":{"start":{"line":20,"column":12},"end":{"line":20,"column":35}}},"3":{"name":"(anonymous_3)","decl":{"start":{"line":31,"column":20},"end":{"line":31,"column":21}},"loc":{"start":{"line":31,"column":27},"end":{"line":31,"column":61}}}},"branchMap":{"0":{"loc":{"start":{"line":16,"column":17},"end":{"line":16,"column":36}},"type":"binary-expr","locations":[{"start":{"line":16,"column":17},"end":{"line":16,"column":30}},{"start":{"line":16,"column":34},"end":{"line":16,"column":36}}]}},"s":{"0":2,"1":2,"2":38,"3":2,"4":190,"5":26,"6":2},"f":{"0":38,"1":2,"2":190,"3":26},"b":{"0":[38,26]}}
,"D:\\Claudio\\_ReactU\\ReactU\\00-formulario\\src\\steps\\Step2.tsx": {"path":"D:\\Claudio\\_ReactU\\ReactU\\00-formulario\\src\\steps\\Step2.tsx","statementMap":{"0":{"start":{"line":9,"column":31},"end":{"line":32,"column":1}},"1":{"start":{"line":10,"column":2},"end":{"line":31,"column":4}},"2":{"start":{"line":17,"column":27},"end":{"line":17,"column":62}},"3":{"start":{"line":26,"column":12},"end":{"line":26,"column":66}},"4":{"start":{"line":34,"column":0},"end":{"line":34,"column":21}}},"fnMap":{"0":{"name":"(anonymous_0)","decl":{"start":{"line":9,"column":31},"end":{"line":9,"column":32}},"loc":{"start":{"line":9,"column":54},"end":{"line":32,"column":1}}},"1":{"name":"(anonymous_1)","decl":{"start":{"line":17,"column":20},"end":{"line":17,"column":21}},"loc":{"start":{"line":17,"column":27},"end":{"line":17,"column":62}}},"2":{"name":"(anonymous_2)","decl":{"start":{"line":25,"column":20},"end":{"line":25,"column":21}},"loc":{"start":{"line":26,"column":12},"end":{"line":26,"column":66}}}},"branchMap":{"0":{"loc":{"start":{"line":24,"column":17},"end":{"line":24,"column":31}},"type":"binary-expr","locations":[{"start":{"line":24,"column":17},"end":{"line":24,"column":25}},{"start":{"line":24,"column":29},"end":{"line":24,"column":31}}]},"1":{"loc":{"start":{"line":26,"column":28},"end":{"line":26,"column":63}},"type":"binary-expr","locations":[{"start":{"line":26,"column":28},"end":{"line":26,"column":50}},{"start":{"line":26,"column":54},"end":{"line":26,"column":63}}]}},"s":{"0":2,"1":48,"2":46,"3":8,"4":2},"f":{"0":48,"1":46,"2":8},"b":{"0":[48,44],"1":[8,2]}}
,"D:\\Claudio\\_ReactU\\ReactU\\00-formulario\\src\\steps\\Step3.tsx": {"path":"D:\\Claudio\\_ReactU\\ReactU\\00-formulario\\src\\steps\\Step3.tsx","statementMap":{"0":{"start":{"line":9,"column":31},"end":{"line":26,"column":1}},"1":{"start":{"line":10,"column":2},"end":{"line":25,"column":4}},"2":{"start":{"line":17,"column":27},"end":{"line":17,"column":64}},"3":{"start":{"line":28,"column":0},"end":{"line":28,"column":21}}},"fnMap":{"0":{"name":"(anonymous_0)","decl":{"start":{"line":9,"column":31},"end":{"line":9,"column":32}},"loc":{"start":{"line":9,"column":54},"end":{"line":26,"column":1}}},"1":{"name":"(anonymous_1)","decl":{"start":{"line":17,"column":20},"end":{"line":17,"column":21}},"loc":{"start":{"line":17,"column":27},"end":{"line":17,"column":64}}}},"branchMap":{},"s":{"0":2,"1":14,"2":4,"3":2},"f":{"0":14,"1":4},"b":{}}
}
