TN:
SF:src\MultiStepForm.tsx
FN:23,(anonymous_1)
FN:27,(anonymous_2)
FN:27,(anonymous_3)
FN:28,(anonymous_4)
FN:28,(anonymous_5)
FN:30,(anonymous_6)
FN:31,(anonymous_7)
FN:33,(anonymous_8)
FNF:8
FNH:8
FNDA:79,(anonymous_1)
FNDA:12,(anonymous_2)
FNDA:12,(anonymous_3)
FNDA:3,(anonymous_4)
FNDA:3,(anonymous_5)
FNDA:57,(anonymous_6)
FNDA:57,(anonymous_7)
FNDA:2,(anonymous_8)
DA:1,1
DA:2,1
DA:3,1
DA:4,1
DA:5,1
DA:15,1
DA:23,1
DA:24,79
DA:25,79
DA:27,79
DA:28,79
DA:30,79
DA:31,57
DA:33,79
DA:36,2
DA:37,2
DA:40,79
DA:74,1
LF:18
LH:18
BRDA:46,0,0,32
BRDA:46,0,1,47
BRDA:47,1,0,40
BRDA:47,1,1,39
BRDA:48,2,0,7
BRDA:48,2,1,72
BRDA:51,3,0,79
BRDA:51,3,1,32
BRDA:52,4,0,79
BRDA:52,4,1,40
BRDA:53,5,0,79
BRDA:53,5,1,7
BRDA:59,6,0,72
BRDA:59,6,1,7
BRF:14
BRH:14
end_of_record
TN:
SF:src\mocks\userTypes.ts
FNF:0
FNH:0
DA:6,2
LF:1
LH:1
BRF:0
BRH:0
end_of_record
TN:
SF:src\steps\Step1.tsx
FN:10,(anonymous_0)
FN:17,(anonymous_1)
FN:19,(anonymous_2)
FN:31,(anonymous_3)
FNF:4
FNH:4
FNDA:38,(anonymous_0)
FNDA:2,(anonymous_1)
FNDA:190,(anonymous_2)
FNDA:26,(anonymous_3)
DA:3,2
DA:10,2
DA:11,38
DA:17,2
DA:20,190
DA:31,26
DA:38,2
LF:7
LH:7
BRDA:16,0,0,38
BRDA:16,0,1,26
BRF:2
BRH:2
end_of_record
TN:
SF:src\steps\Step2.tsx
FN:9,(anonymous_0)
FN:17,(anonymous_1)
FN:25,(anonymous_2)
FNF:3
FNH:3
FNDA:48,(anonymous_0)
FNDA:46,(anonymous_1)
FNDA:8,(anonymous_2)
DA:9,2
DA:10,48
DA:17,46
DA:26,8
DA:34,2
LF:5
LH:5
BRDA:24,0,0,48
BRDA:24,0,1,44
BRDA:26,1,0,8
BRDA:26,1,1,2
BRF:4
BRH:4
end_of_record
TN:
SF:src\steps\Step3.tsx
FN:9,(anonymous_0)
FN:17,(anonymous_1)
FNF:2
FNH:2
FNDA:14,(anonymous_0)
FNDA:4,(anonymous_1)
DA:9,2
DA:10,14
DA:17,4
DA:28,2
LF:4
LH:4
BRF:0
BRH:0
end_of_record
